sample.interval=5000
"anyDuplicated" "[.data.frame" "[" "as.matrix" "decomp" "linkages" 
"kill" "linkages" 
"names" "%in%" "[[.data.frame" "[[" "[.data.frame" "[" "as.matrix" "decomp" "linkages" 
"kill" "linkages" 
"grow.opt" "linkages" 
"sys.call" "%in%" "[.data.frame" "[" "as.matrix" "decomp" "linkages" 
"[[.data.frame" "[[" "$.data.frame" "$" "gmult" "linkages" 
"levels" "as.matrix.data.frame" "as.matrix" "decomp" "linkages" 
"print.default" "print" "linkages" 
"length" "length" "dim.data.frame" "dim" "dim" "as.matrix.data.frame" "as.matrix" "decomp" "linkages" 
"apply" "grow.opt" "linkages" 
"[.data.frame" "[" "decomp" "linkages" 
"sys.call" "%in%" "[.data.frame" "[" "decomp" "linkages" 
"%in%" "[[.data.frame" "[[" "$.data.frame" "$" "grow.opt" "linkages" 
"[" "decomp" "linkages" 
"decomp" "linkages" 
"decomp" "linkages" 
"kill" "linkages" 
"structure" "[.data.frame" "[" "as.matrix" "decomp" "linkages" 
"aperm" "apply" "grow.opt" "linkages" 
"grow.opt" "linkages" 
"names" "%in%" "[.data.frame" "[" "decomp" "linkages" 
"decomp" "linkages" 
"[.data.frame" "[" "as.matrix" "decomp" "linkages" 
"names" "names" "[.data.frame" "[" "as.matrix" "decomp" "linkages" 
"decomp" "linkages" 
"levels" "as.matrix.data.frame" "as.matrix" "decomp" "linkages" 
"decomp" "linkages" 
"decomp" "linkages" 
"print.default" "print" "linkages" 
"[.data.frame" "[" "decomp" "linkages" 
"levels" "as.matrix.data.frame" "as.matrix" "decomp" "linkages" 
"kill" "linkages" 
"anyDuplicated" "[.data.frame" "[" "as.matrix" "decomp" "linkages" 
"kill" "linkages" 
"grow.opt" "linkages" 
"[.data.frame" "[" "as.matrix" "decomp" "linkages" 
"decomp" "linkages" 
"[.data.frame" "[" "as.matrix" "decomp" "linkages" 
"unlist" "linkages" 
"unlist" "linkages" 
"unlist" "linkages" 
"unlist" "linkages" 
"unlist" "linkages" 
"unlist" "linkages" 
"unlist" "linkages" 
"unlist" "linkages" 
"unlist" "linkages" 
"unlist" "linkages" 
"unlist" "linkages" 
"unlist" "linkages" 
"unlist" "linkages" 
"unlist" "linkages" 
"unlist" "linkages" 
"unlist" "linkages" 
"unlist" "linkages" 
"unlist" "linkages" 
"unlist" "linkages" 
"unlist" "linkages" 
"unlist" "linkages" 
"unlist" "linkages" 
"unlist" "linkages" 
"unlist" "linkages" 
"unlist" "linkages" 
"unlist" "linkages" 
"unlist" "linkages" 
"unlist" "linkages" 
"unlist" "linkages" 
"unlist" "linkages" 
"unlist" "linkages" 
"unlist" "linkages" 
"unlist" "linkages" 
"unlist" "linkages" 
"unlist" "linkages" 
"unlist" "linkages" 
"unlist" "linkages" 
"unlist" "linkages" 
"unlist" "linkages" 
"grow.opt" "linkages" 
"[.data.frame" "[" "as.matrix" "decomp" "linkages" 
"decomp" "linkages" 
"decomp" "linkages" 
"[.data.frame" "[" "moist" "linkages" 
"decomp" "linkages" 
"moist" "linkages" 
"kill" "linkages" 
"levels" "as.matrix.data.frame" "as.matrix" "decomp" "linkages" 
"kill" "linkages" 
"length" "[.data.frame" "[" "decomp" "linkages" 
"[.data.frame" "[" "decomp" "linkages" 
"apply" "grow.opt" "linkages" 
"[[.data.frame" "[[" "[.data.frame" "[" "as.matrix" "decomp" "linkages" 
"any" "apply" "grow.opt" "linkages" 
"[[" "$.data.frame" "$" "gmult" "linkages" 
"levels" "as.matrix.data.frame" "as.matrix" "decomp" "linkages" 
"decomp" "linkages" 
"linkages" 
"print.default" "print" "linkages" 
"[.data.frame" "[" "decomp" "linkages" 
"output" "linkages" 
"anyNA" "[.data.frame" "[" "as.matrix" "decomp" "linkages" 
"[.data.frame" "[" "decomp" "linkages" 
"kill" "linkages" 
"as.list" "as.matrix.data.frame" "as.matrix" "decomp" "linkages" 
"[[" "$.data.frame" "$" "kill" "linkages" 
"aperm" "apply" "grow.opt" "linkages" 
"kill" "linkages" 
"kill" "linkages" 
"kill" "linkages" 
"kill" "linkages" 
"[.data.frame" "[" "decomp" "linkages" 
"decomp" "linkages" 
"moist" "linkages" 
"moist" "linkages" 
"decomp" "linkages" 
"[.data.frame" "[" "moist" "linkages" 
"decomp" "linkages" 
"decomp" "linkages" 
"sys.call" "%in%" "[.data.frame" "[" "decomp" "linkages" 
"decomp" "linkages" 
"levels" "as.matrix.data.frame" "as.matrix" "decomp" "linkages" 
"decomp" "linkages" 
"decomp" "linkages" 
"[.data.frame" "[" "moist" "linkages" 
"decomp" "linkages" 
"decomp" "linkages" 
"dim.data.frame" "dim" "dim" "as.matrix.data.frame" "as.matrix" "decomp" "linkages" 
"decomp" "linkages" 
"as.matrix" "decomp" "linkages" 
"as.matrix.data.frame" "as.matrix" "decomp" "linkages" 
"decomp" "linkages" 
".subset" "[.data.frame" "[" "moist" "linkages" 
"decomp" "linkages" 
"row.names.data.frame" "row.names" "as.matrix.data.frame" "as.matrix" "decomp" "linkages" 
"print" "linkages" 
"decomp" "linkages" 
"which" "linkages" 
"output" "linkages" 
"[.data.frame" "[" "decomp" "linkages" 
"kill" "linkages" 
"row.names" "as.matrix.data.frame" "as.matrix" "decomp" "linkages" 
"sys.call" "%in%" "[.data.frame" "[" "decomp" "linkages" 
"+" "kill" "linkages" 
"decomp" "linkages" 
"kill" "linkages" 
"kill" "linkages" 
"[.data.frame" "[" "as.matrix" "decomp" "linkages" 
"rev.default" "rev" "grow.opt" "linkages" 
"as.matrix.data.frame" "as.matrix" "decomp" "linkages" 
"levels" "as.matrix.data.frame" "as.matrix" "decomp" "linkages" 
"[[.data.frame" "[[" "$.data.frame" "$" "grow.opt" "linkages" 
"<Anonymous>" "[[.data.frame" "[[" "[.data.frame" "[" "as.matrix" "decomp" "linkages" 
"decomp" "linkages" 
"decomp" "linkages" 
"<Anonymous>" "[[.data.frame" "[[" "[.data.frame" "[" "as.matrix" "decomp" "linkages" 
"decomp" "linkages" 
"[.data.frame" "[" "decomp" "linkages" 
".subset" "[.data.frame" "[" "moist" "linkages" 
"decomp" "linkages" 
"[.data.frame" "[" "moist" "linkages" 
"decomp" "linkages" 
"decomp" "linkages" 
"linkages" 
"decomp" "linkages" 
"names" "names" "[.data.frame" "[" "moist" "linkages" 
"print" "linkages" 
"all" "[.data.frame" "[" "decomp" "linkages" 
"print.default" "print" "linkages" 
"anyDuplicated" "[.data.frame" "[" "as.matrix" "decomp" "linkages" 
"decomp" "linkages" 
"[.data.frame" "[" "moist" "linkages" 
"length" "length" "[.data.frame" "[" "decomp" "linkages" 
"output" "linkages" 
"linkages" 
"decomp" "linkages" 
"[.data.frame" "[" "moist" "linkages" 
"decomp" "linkages" 
"[" "decomp" "linkages" 
"kill" "linkages" 
"structure" "[.data.frame" "[" "as.matrix" "decomp" "linkages" 
"match.fun" "apply" "grow.opt" "linkages" 
"match.fun" "apply" "grow.opt" "linkages" 
"match.fun" "apply" "grow.opt" "linkages" 
"match.fun" "apply" "grow.opt" "linkages" 
"match.fun" "apply" "grow.opt" "linkages" 
"match.fun" "apply" "grow.opt" "linkages" 
"match.fun" "apply" "grow.opt" "linkages" 
"^" "kill" "linkages" 
"as.matrix" "decomp" "linkages" 
"decomp" "linkages" 
".subset" "[.data.frame" "[" "decomp" "linkages" 
"grow.opt" "linkages" 
"decomp" "linkages" 
"[[" "$.data.frame" "$" "grow.opt" "linkages" 
"decomp" "linkages" 
"[.data.frame" "[" "decomp" "linkages" 
"decomp" "linkages" 
"[[" "$.data.frame" "$" "output" "linkages" 
"aperm.default" "aperm" "apply" "grow.opt" "linkages" 
"sys.call" "%in%" "[[.data.frame" "[[" "[.data.frame" "[" "as.matrix" "decomp" "linkages" 
"decomp" "linkages" 
"paste" "print" "linkages" 
"kill" "linkages" 
"[.data.frame" "[" "as.matrix" "decomp" "linkages" 
"is.numeric" "mean.default" "mean" "grow.opt" "linkages" 
"structure" "[.data.frame" "[" "as.matrix" "decomp" "linkages" 
"[.data.frame" "[" "as.matrix" "decomp" "linkages" 
"decomp" "linkages" 
".subset2" "[.data.frame" "[" "moist" "linkages" 
"[" "as.matrix" "decomp" "linkages" 
"[.data.frame" "[" "as.matrix" "decomp" "linkages" 
"kill" "linkages" 
"names" "names" "[.data.frame" "[" "decomp" "linkages" 
"mean" "grow.opt" "linkages" 
"grow.opt" "linkages" 
"names" "names" "[.data.frame" "[" "decomp" "linkages" 
"unlist" "linkages" 
"[.data.frame" "[" "decomp" "linkages" 
"structure" "[.data.frame" "[" "as.matrix" "decomp" "linkages" 
"decomp" "linkages" 
"moist" "linkages" 
"decomp" "linkages" 
"unlist" "as.matrix.data.frame" "as.matrix" "decomp" "linkages" 
"kill" "linkages" 
"names" "names" "[.data.frame" "[" "decomp" "linkages" 
"kill" "linkages" 
"kill" "linkages" 
"decomp" "linkages" 
"kill" "linkages" 
"anyDuplicated" "[.data.frame" "[" "as.matrix" "decomp" "linkages" 
"[.data.frame" "[" "decomp" "linkages" 
"kill" "linkages" 
"[.data.frame" "[" "as.matrix" "decomp" "linkages" 
"linkages" 
"decomp" "linkages" 
"decomp" "linkages" 
"decomp" "linkages" 
"decomp" "linkages" 
"kill" "linkages" 
"as.matrix" "decomp" "linkages" 
"gmult" "linkages" 
"%in%" "as.matrix.data.frame" "as.matrix" "decomp" "linkages" 
"<Anonymous>" "[[.data.frame" "[[" "[.data.frame" "[" "as.matrix" "decomp" "linkages" 
"decomp" "linkages" 
"as.list" "as.matrix.data.frame" "as.matrix" "decomp" "linkages" 
"decomp" "linkages" 
"[.data.frame" "[" "as.matrix" "decomp" "linkages" 
"decomp" "linkages" 
"kill" "linkages" 
"length" "length" "[.data.frame" "[" "decomp" "linkages" 
"as.matrix.data.frame" "as.matrix" "decomp" "linkages" 
"kill" "linkages" 
"anyDuplicated" "[.data.frame" "[" "as.matrix" "decomp" "linkages" 
"kill" "linkages" 
"kill" "linkages" 
"decomp" "linkages" 
"kill" "linkages" 
"length" "dim.data.frame" "dim" "dim" "as.matrix.data.frame" "as.matrix" "decomp" "linkages" 
"anyDuplicated" "[.data.frame" "[" "as.matrix" "decomp" "linkages" 
"decomp" "linkages" 
"decomp" "linkages" 
"decomp" "linkages" 
"decomp" "linkages" 
"decomp" "linkages" 
"decomp" "linkages" 
"decomp" "linkages" 
"decomp" "linkages" 
"decomp" "linkages" 
"decomp" "linkages" 
"decomp" "linkages" 
"decomp" "linkages" 
"decomp" "linkages" 
"decomp" "linkages" 
"decomp" "linkages" 
"decomp" "linkages" 
"decomp" "linkages" 
"decomp" "linkages" 
"decomp" "linkages" 
"decomp" "linkages" 
"decomp" "linkages" 
"decomp" "linkages" 
"decomp" "linkages" 
"decomp" "linkages" 
"length" "length" "[.data.frame" "[" "moist" "linkages" 
"==" "decomp" "linkages" 
"[.data.frame" "[" "as.matrix" "decomp" "linkages" 
"decomp" "linkages" 
"[[" "[.data.frame" "[" "as.matrix" "decomp" "linkages" 
"grow.opt" "linkages" 
"kill" "linkages" 
".subset2" "[.data.frame" "[" "as.matrix" "decomp" "linkages" 
"kill" "linkages" 
"as.matrix.data.frame" "as.matrix" "decomp" "linkages" 
"<Anonymous>" "[[.data.frame" "[[" "[.data.frame" "[" "as.matrix" "decomp" "linkages" 
"$.data.frame" "$" "output" "linkages" 
"decomp" "linkages" 
"[.data.frame" "[" "moist" "linkages" 
"sys.call" "%in%" "[[.data.frame" "[[" "[.data.frame" "[" "as.matrix" "decomp" "linkages" 
"+" "decomp" "linkages" 
"[.data.frame" "[" "decomp" "linkages" 
"*" "decomp" "linkages" 
"decomp" "linkages" 
"length" "length" "[.data.frame" "[" "decomp" "linkages" 
"<Anonymous>" "[[.data.frame" "[[" "$.data.frame" "$" "grow.opt" "linkages" 
"levels" "as.matrix.data.frame" "as.matrix" "decomp" "linkages" 
"names" "names" "[.data.frame" "[" "decomp" "linkages" 
"apply" "grow.opt" "linkages" 
"levels" "as.matrix.data.frame" "as.matrix" "decomp" "linkages" 
"grow.opt" "linkages" 
"kill" "linkages" 
"length" "length" "[.data.frame" "[" "as.matrix" "decomp" "linkages" 
"kill" "linkages" 
"length" "length" "[.data.frame" "[" "as.matrix" "decomp" "linkages" 
"attr" "as.matrix.data.frame" "as.matrix" "decomp" "linkages" 
"length" "[.data.frame" "[" "moist" "linkages" 
"decomp" "linkages" 
"unlist" "linkages" 
"names" "%in%" "[[.data.frame" "[[" "[.data.frame" "[" "as.matrix" "decomp" "linkages" 
"decomp" "linkages" 
"length" "length" "[.data.frame" "[" "as.matrix" "decomp" "linkages" 
"kill" "linkages" 
"length" "length" "[.data.frame" "[" "decomp" "linkages" 
"[.data.frame" "[" "moist" "linkages" 
"aperm" "apply" "grow.opt" "linkages" 
"decomp" "linkages" 
"kill" "linkages" 
"decomp" "linkages" 
"kill" "linkages" 
"length" "[.data.frame" "[" "as.matrix" "decomp" "linkages" 
"names" "names" "[.data.frame" "[" "decomp" "linkages" 
"decomp" "linkages" 
"kill" "linkages" 
"levels" "as.matrix.data.frame" "as.matrix" "decomp" "linkages" 
"sys.call" "%in%" "[[.data.frame" "[[" "[.data.frame" "[" "as.matrix" "decomp" "linkages" 
"linkages" 
"matrix" "decomp" "linkages" 
"decomp" "linkages" 
"names" "[.data.frame" "[" "as.matrix" "decomp" "linkages" 
"ifelse" "grow.opt" "linkages" 
"[.data.frame" "[" "decomp" "linkages" 
"decomp" "linkages" 
"[" "as.matrix" "decomp" "linkages" 
"list" "kill" "linkages" 
"dim" "dim" "as.matrix.data.frame" "as.matrix" "decomp" "linkages" 
"kill" "linkages" 
"$" "gmult" "linkages" 
"moist" "linkages" 
"[.data.frame" "[" "decomp" "linkages" 
":" "kill" "linkages" 
"which" "grow.opt" "linkages" 
"[" "decomp" "linkages" 
"decomp" "linkages" 
"print" "linkages" 
"&" "kill" "linkages" 
"[" "as.matrix" "decomp" "linkages" 
"%in%" "[[.data.frame" "[[" "$.data.frame" "$" "grow.opt" "linkages" 
"names" "[.data.frame" "[" "decomp" "linkages" 
"names" "%in%" "[[.data.frame" "[[" "$.data.frame" "$" "output" "linkages" 
"decomp" "linkages" 
"kill" "linkages" 
"levels.default" "levels" "as.matrix.data.frame" "as.matrix" "decomp" "linkages" 
"[.data.frame" "[" "decomp" "linkages" 
"decomp" "linkages" 
"print.default" "print" "linkages" 
"levels" "as.matrix.data.frame" "as.matrix" "decomp" "linkages" 
"[.data.frame" "[" "as.matrix" "decomp" "linkages" 
"grow.opt" "linkages" 
"<Anonymous>" "[[.data.frame" "[[" "[.data.frame" "[" "as.matrix" "decomp" "linkages" 
"$" "birth" "linkages" 
"decomp" "linkages" 
"decomp" "linkages" 
"decomp" "linkages" 
"decomp" "linkages" 
"matrix" "grow.opt" "linkages" 
"[.data.frame" "[" "decomp" "linkages" 
"grow.opt" "linkages" 
"length" "length" "[.data.frame" "[" "as.matrix" "decomp" "linkages" 
"names" "names" "[.data.frame" "[" "moist" "linkages" 
"decomp" "linkages" 
"kill" "linkages" 
".subset2" "[.data.frame" "[" "as.matrix" "decomp" "linkages" 
"decomp" "linkages" 
"kill" "linkages" 
"sys.call" "%in%" "[[.data.frame" "[[" "[.data.frame" "[" "as.matrix" "decomp" "linkages" 
"kill" "linkages" 
