obs_sequence
obs_kind_definitions
	 2
	 1  DBH
	 2  N
num_copies:	 1 num_qc:	 0
num_obs:	 390 max_num_obs:	 390
observations
  first:	1	last:	 390
 OBS	 1
0
-1		2		-1
obdef
loc1d
0.01538462
kind
-1
    2000 	0
1
 OBS	 2
18.90889
1		3		-1
obdef
loc1d
0.03076923
kind
-2
    2000 	0
1
 OBS	 3
20.40467
2		4		-1
obdef
loc1d
0.04615385
kind
-3
    2000 	0
1
 OBS	 4
5.08
3		5		-1
obdef
loc1d
0.06153846
kind
-4
    2000 	0
1
 OBS	 5
19.177
4		6		-1
obdef
loc1d
0.07692308
kind
-5
    2000 	0
1
 OBS	 6
26.70908
5		7		-1
obdef
loc1d
0.09230769
kind
-6
    2000 	0
1
 OBS	 7
0
6		8		-1
obdef
loc1d
0.1076923
kind
-7
    2000 	0
1
 OBS	 8
27.58281
7		9		-1
obdef
loc1d
0.1230769
kind
-8
    2000 	0
1
 OBS	 9
17.8435
8		10		-1
obdef
loc1d
0.1384615
kind
-9
    2000 	0
1
 OBS	 10
19.812
9		11		-1
obdef
loc1d
0.1538462
kind
-10
    2000 	0
1
 OBS	 11
34.60044
10		12		-1
obdef
loc1d
0.1692308
kind
-11
    2000 	0
1
 OBS	 12
20.48933
11		13		-1
obdef
loc1d
0.1846154
kind
-12
    2000 	0
1
 OBS	 13
22.89175
12		14		-1
obdef
loc1d
0.2
kind
-13
    2000 	0
1
 OBS	 14
23.19867
13		15		-1
obdef
loc1d
0.2153846
kind
-14
    2000 	0
1
 OBS	 15
0
14		16		-1
obdef
loc1d
0.2307692
kind
-15
    2000 	0
1
 OBS	 16
0
15		17		-1
obdef
loc1d
0.2461538
kind
-16
    2000 	0
1
 OBS	 17
15.24
16		18		-1
obdef
loc1d
0.2615385
kind
-17
    2000 	0
1
 OBS	 18
0
17		19		-1
obdef
loc1d
0.2769231
kind
-18
    2000 	0
1
 OBS	 19
0
18		20		-1
obdef
loc1d
0.2923077
kind
-19
    2000 	0
1
 OBS	 20
17.399
19		21		-1
obdef
loc1d
0.3076923
kind
-20
    2000 	0
1
 OBS	 21
14.6304
20		22		-1
obdef
loc1d
0.3230769
kind
-21
    2000 	0
1
 OBS	 22
0
21		23		-1
obdef
loc1d
0.3384615
kind
-22
    2000 	0
1
 OBS	 23
18.669
22		24		-1
obdef
loc1d
0.3538462
kind
-23
    2000 	0
1
 OBS	 24
21.59
23		25		-1
obdef
loc1d
0.3692308
kind
-24
    2000 	0
1
 OBS	 25
17.89289
24		26		-1
obdef
loc1d
0.3846154
kind
-25
    2000 	0
1
 OBS	 26
0
25		27		-1
obdef
loc1d
0.4
kind
-26
    2000 	0
1
 OBS	 27
18.796
26		28		-1
obdef
loc1d
0.4153846
kind
-27
    2000 	0
1
 OBS	 28
11.59933
27		29		-1
obdef
loc1d
0.4307692
kind
-28
    2000 	0
1
 OBS	 29
0
28		30		-1
obdef
loc1d
0.4461538
kind
-29
    2000 	0
1
 OBS	 30
21.082
29		31		-1
obdef
loc1d
0.4615385
kind
-30
    2000 	0
1
 OBS	 31
0
30		32		-1
obdef
loc1d
0.4769231
kind
-31
    2000 	0
1
 OBS	 32
0
31		33		-1
obdef
loc1d
0.4923077
kind
-32
    2000 	0
1
 OBS	 33
13.6144
32		34		-1
obdef
loc1d
0.5076923
kind
-33
    2000 	0
1
 OBS	 34
20.13284
33		35		-1
obdef
loc1d
0.5230769
kind
-34
    2000 	0
1
 OBS	 35
21.082
34		36		-1
obdef
loc1d
0.5384615
kind
-35
    2000 	0
1
 OBS	 36
42.545
35		37		-1
obdef
loc1d
0.5538462
kind
-36
    2000 	0
1
 OBS	 37
18.2245
36		38		-1
obdef
loc1d
0.5692308
kind
-37
    2000 	0
1
 OBS	 38
5.842
37		39		-1
obdef
loc1d
0.5846154
kind
-38
    2000 	0
1
 OBS	 39
25.4
38		40		-1
obdef
loc1d
0.6
kind
-39
    2000 	0
1
 OBS	 40
26.62518
39		41		-1
obdef
loc1d
0.6153846
kind
-40
    2000 	0
1
 OBS	 41
26.07733
40		42		-1
obdef
loc1d
0.6307692
kind
-41
    2000 	0
1
 OBS	 42
0
41		43		-1
obdef
loc1d
0.6461538
kind
-42
    2000 	0
1
 OBS	 43
27.61762
42		44		-1
obdef
loc1d
0.6615385
kind
-43
    2000 	0
1
 OBS	 44
20.066
43		45		-1
obdef
loc1d
0.6769231
kind
-44
    2000 	0
1
 OBS	 45
44.10635
44		46		-1
obdef
loc1d
0.6923077
kind
-45
    2000 	0
1
 OBS	 46
22.73808
45		47		-1
obdef
loc1d
0.7076923
kind
-46
    2000 	0
1
 OBS	 47
10.16
46		48		-1
obdef
loc1d
0.7230769
kind
-47
    2000 	0
1
 OBS	 48
17.3228
47		49		-1
obdef
loc1d
0.7384615
kind
-48
    2000 	0
1
 OBS	 49
23.56556
48		50		-1
obdef
loc1d
0.7538462
kind
-49
    2000 	0
1
 OBS	 50
24.50123
49		51		-1
obdef
loc1d
0.7692308
kind
-50
    2000 	0
1
 OBS	 51
16.891
50		52		-1
obdef
loc1d
0.7846154
kind
-51
    2000 	0
1
 OBS	 52
39.6875
51		53		-1
obdef
loc1d
0.8
kind
-52
    2000 	0
1
 OBS	 53
16.69143
52		54		-1
obdef
loc1d
0.8153846
kind
-53
    2000 	0
1
 OBS	 54
31.242
53		55		-1
obdef
loc1d
0.8307692
kind
-54
    2000 	0
1
 OBS	 55
13.843
54		56		-1
obdef
loc1d
0.8461538
kind
-55
    2000 	0
1
 OBS	 56
12.954
55		57		-1
obdef
loc1d
0.8615385
kind
-56
    2000 	0
1
 OBS	 57
19.1135
56		58		-1
obdef
loc1d
0.8769231
kind
-57
    2000 	0
1
 OBS	 58
15.494
57		59		-1
obdef
loc1d
0.8923077
kind
-58
    2000 	0
1
 OBS	 59
18.10657
58		60		-1
obdef
loc1d
0.9076923
kind
-59
    2000 	0
1
 OBS	 60
0
59		61		-1
obdef
loc1d
0.9230769
kind
-60
    2000 	0
1
 OBS	 61
18.923
60		62		-1
obdef
loc1d
0.9384615
kind
-61
    2000 	0
1
 OBS	 62
20.92476
61		63		-1
obdef
loc1d
0.9538462
kind
-62
    2000 	0
1
 OBS	 63
20.25073
62		64		-1
obdef
loc1d
0.9692308
kind
-63
    2000 	0
1
 OBS	 64
12.827
63		65		-1
obdef
loc1d
0.9846154
kind
-64
    2000 	0
1
 OBS	 65
10.07533
64		66		-1
obdef
loc1d
1
kind
-65
    2000 	0
1
 OBS	 66
0
65		67		-1
obdef
loc1d
0.01538462
kind
-66
    2000 	0
1
 OBS	 67
9
66		68		-1
obdef
loc1d
0.03076923
kind
-67
    2000 	0
1
 OBS	 68
3
67		69		-1
obdef
loc1d
0.04615385
kind
-68
    2000 	0
1
 OBS	 69
1
68		70		-1
obdef
loc1d
0.06153846
kind
-69
    2000 	0
1
 OBS	 70
2
69		71		-1
obdef
loc1d
0.07692308
kind
-70
    2000 	0
1
 OBS	 71
13
70		72		-1
obdef
loc1d
0.09230769
kind
-71
    2000 	0
1
 OBS	 72
0
71		73		-1
obdef
loc1d
0.1076923
kind
-72
    2000 	0
1
 OBS	 73
32
72		74		-1
obdef
loc1d
0.1230769
kind
-73
    2000 	0
1
 OBS	 74
8
73		75		-1
obdef
loc1d
0.1384615
kind
-74
    2000 	0
1
 OBS	 75
1
74		76		-1
obdef
loc1d
0.1538462
kind
-75
    2000 	0
1
 OBS	 76
18
75		77		-1
obdef
loc1d
0.1692308
kind
-76
    2000 	0
1
 OBS	 77
21
76		78		-1
obdef
loc1d
0.1846154
kind
-77
    2000 	0
1
 OBS	 78
16
77		79		-1
obdef
loc1d
0.2
kind
-78
    2000 	0
1
 OBS	 79
3
78		80		-1
obdef
loc1d
0.2153846
kind
-79
    2000 	0
1
 OBS	 80
0
79		81		-1
obdef
loc1d
0.2307692
kind
-80
    2000 	0
1
 OBS	 81
0
80		82		-1
obdef
loc1d
0.2461538
kind
-81
    2000 	0
1
 OBS	 82
1
81		83		-1
obdef
loc1d
0.2615385
kind
-82
    2000 	0
1
 OBS	 83
0
82		84		-1
obdef
loc1d
0.2769231
kind
-83
    2000 	0
1
 OBS	 84
0
83		85		-1
obdef
loc1d
0.2923077
kind
-84
    2000 	0
1
 OBS	 85
4
84		86		-1
obdef
loc1d
0.3076923
kind
-85
    2000 	0
1
 OBS	 86
5
85		87		-1
obdef
loc1d
0.3230769
kind
-86
    2000 	0
1
 OBS	 87
0
86		88		-1
obdef
loc1d
0.3384615
kind
-87
    2000 	0
1
 OBS	 88
2
87		89		-1
obdef
loc1d
0.3538462
kind
-88
    2000 	0
1
 OBS	 89
1
88		90		-1
obdef
loc1d
0.3692308
kind
-89
    2000 	0
1
 OBS	 90
9
89		91		-1
obdef
loc1d
0.3846154
kind
-90
    2000 	0
1
 OBS	 91
0
90		92		-1
obdef
loc1d
0.4
kind
-91
    2000 	0
1
 OBS	 92
4
91		93		-1
obdef
loc1d
0.4153846
kind
-92
    2000 	0
1
 OBS	 93
3
92		94		-1
obdef
loc1d
0.4307692
kind
-93
    2000 	0
1
 OBS	 94
0
93		95		-1
obdef
loc1d
0.4461538
kind
-94
    2000 	0
1
 OBS	 95
1
94		96		-1
obdef
loc1d
0.4615385
kind
-95
    2000 	0
1
 OBS	 96
0
95		97		-1
obdef
loc1d
0.4769231
kind
-96
    2000 	0
1
 OBS	 97
0
96		98		-1
obdef
loc1d
0.4923077
kind
-97
    2000 	0
1
 OBS	 98
5
97		99		-1
obdef
loc1d
0.5076923
kind
-98
    2000 	0
1
 OBS	 99
19
98		100		-1
obdef
loc1d
0.5230769
kind
-99
    2000 	0
1
 OBS	 100
4
99		101		-1
obdef
loc1d
0.5384615
kind
-100
    2000 	0
1
 OBS	 101
2
100		102		-1
obdef
loc1d
0.5538462
kind
-101
    2000 	0
1
 OBS	 102
8
101		103		-1
obdef
loc1d
0.5692308
kind
-102
    2000 	0
1
 OBS	 103
1
102		104		-1
obdef
loc1d
0.5846154
kind
-103
    2000 	0
1
 OBS	 104
1
103		105		-1
obdef
loc1d
0.6
kind
-104
    2000 	0
1
 OBS	 105
17
104		106		-1
obdef
loc1d
0.6153846
kind
-105
    2000 	0
1
 OBS	 106
6
105		107		-1
obdef
loc1d
0.6307692
kind
-106
    2000 	0
1
 OBS	 107
0
106		108		-1
obdef
loc1d
0.6461538
kind
-107
    2000 	0
1
 OBS	 108
26
107		109		-1
obdef
loc1d
0.6615385
kind
-108
    2000 	0
1
 OBS	 109
1
108		110		-1
obdef
loc1d
0.6769231
kind
-109
    2000 	0
1
 OBS	 110
17
109		111		-1
obdef
loc1d
0.6923077
kind
-110
    2000 	0
1
 OBS	 111
25
110		112		-1
obdef
loc1d
0.7076923
kind
-111
    2000 	0
1
 OBS	 112
1
111		113		-1
obdef
loc1d
0.7230769
kind
-112
    2000 	0
1
 OBS	 113
10
112		114		-1
obdef
loc1d
0.7384615
kind
-113
    2000 	0
1
 OBS	 114
9
113		115		-1
obdef
loc1d
0.7538462
kind
-114
    2000 	0
1
 OBS	 115
13
114		116		-1
obdef
loc1d
0.7692308
kind
-115
    2000 	0
1
 OBS	 116
6
115		117		-1
obdef
loc1d
0.7846154
kind
-116
    2000 	0
1
 OBS	 117
4
116		118		-1
obdef
loc1d
0.8
kind
-117
    2000 	0
1
 OBS	 118
7
117		119		-1
obdef
loc1d
0.8153846
kind
-118
    2000 	0
1
 OBS	 119
2
118		120		-1
obdef
loc1d
0.8307692
kind
-119
    2000 	0
1
 OBS	 120
2
119		121		-1
obdef
loc1d
0.8461538
kind
-120
    2000 	0
1
 OBS	 121
1
120		122		-1
obdef
loc1d
0.8615385
kind
-121
    2000 	0
1
 OBS	 122
8
121		123		-1
obdef
loc1d
0.8769231
kind
-122
    2000 	0
1
 OBS	 123
11
122		124		-1
obdef
loc1d
0.8923077
kind
-123
    2000 	0
1
 OBS	 124
7
123		125		-1
obdef
loc1d
0.9076923
kind
-124
    2000 	0
1
 OBS	 125
0
124		126		-1
obdef
loc1d
0.9230769
kind
-125
    2000 	0
1
 OBS	 126
2
125		127		-1
obdef
loc1d
0.9384615
kind
-126
    2000 	0
1
 OBS	 127
21
126		128		-1
obdef
loc1d
0.9538462
kind
-127
    2000 	0
1
 OBS	 128
11
127		129		-1
obdef
loc1d
0.9692308
kind
-128
    2000 	0
1
 OBS	 129
6
128		130		-1
obdef
loc1d
0.9846154
kind
-129
    2000 	0
1
 OBS	 130
3
129		131		-1
obdef
loc1d
1
kind
-130
    2000 	0
1
 OBS	 131
19.75485
130		132		-1
obdef
loc1d
0.01538462
kind
-1
    2005 	0
1
 OBS	 132
17.51013
131		133		-1
obdef
loc1d
0.03076923
kind
-2
    2005 	0
1
 OBS	 133
17.68366
132		134		-1
obdef
loc1d
0.04615385
kind
-3
    2005 	0
1
 OBS	 134
19.88457
133		135		-1
obdef
loc1d
0.06153846
kind
-4
    2005 	0
1
 OBS	 135
12.2555
134		136		-1
obdef
loc1d
0.07692308
kind
-5
    2005 	0
1
 OBS	 136
26.68411
135		137		-1
obdef
loc1d
0.09230769
kind
-6
    2005 	0
1
 OBS	 137
0
136		138		-1
obdef
loc1d
0.1076923
kind
-7
    2005 	0
1
 OBS	 138
18.49383
137		139		-1
obdef
loc1d
0.1230769
kind
-8
    2005 	0
1
 OBS	 139
15.66985
138		140		-1
obdef
loc1d
0.1384615
kind
-9
    2005 	0
1
 OBS	 140
36.9824
139		141		-1
obdef
loc1d
0.1538462
kind
-10
    2005 	0
1
 OBS	 141
0
140		142		-1
obdef
loc1d
0.1692308
kind
-11
    2005 	0
1
 OBS	 142
6.096
141		143		-1
obdef
loc1d
0.1846154
kind
-12
    2005 	0
1
 OBS	 143
24.08767
142		144		-1
obdef
loc1d
0.2
kind
-13
    2005 	0
1
 OBS	 144
0
143		145		-1
obdef
loc1d
0.2153846
kind
-14
    2005 	0
1
 OBS	 145
20.574
144		146		-1
obdef
loc1d
0.2307692
kind
-15
    2005 	0
1
 OBS	 146
0
145		147		-1
obdef
loc1d
0.2461538
kind
-16
    2005 	0
1
 OBS	 147
16.002
146		148		-1
obdef
loc1d
0.2615385
kind
-17
    2005 	0
1
 OBS	 148
0
147		149		-1
obdef
loc1d
0.2769231
kind
-18
    2005 	0
1
 OBS	 149
23.622
148		150		-1
obdef
loc1d
0.2923077
kind
-19
    2005 	0
1
 OBS	 150
27.813
149		151		-1
obdef
loc1d
0.3076923
kind
-20
    2005 	0
1
 OBS	 151
15.24
150		152		-1
obdef
loc1d
0.3230769
kind
-21
    2005 	0
1
 OBS	 152
0
151		153		-1
obdef
loc1d
0.3384615
kind
-22
    2005 	0
1
 OBS	 153
0
152		154		-1
obdef
loc1d
0.3538462
kind
-23
    2005 	0
1
 OBS	 154
0
153		155		-1
obdef
loc1d
0.3692308
kind
-24
    2005 	0
1
 OBS	 155
19.304
154		156		-1
obdef
loc1d
0.3846154
kind
-25
    2005 	0
1
 OBS	 156
0
155		157		-1
obdef
loc1d
0.4
kind
-26
    2005 	0
1
 OBS	 157
20.066
156		158		-1
obdef
loc1d
0.4153846
kind
-27
    2005 	0
1
 OBS	 158
10.3378
157		159		-1
obdef
loc1d
0.4307692
kind
-28
    2005 	0
1
 OBS	 159
12.954
158		160		-1
obdef
loc1d
0.4461538
kind
-29
    2005 	0
1
 OBS	 160
24.511
159		161		-1
obdef
loc1d
0.4615385
kind
-30
    2005 	0
1
 OBS	 161
6.858
160		162		-1
obdef
loc1d
0.4769231
kind
-31
    2005 	0
1
 OBS	 162
19.98133
161		163		-1
obdef
loc1d
0.4923077
kind
-32
    2005 	0
1
 OBS	 163
23.114
162		164		-1
obdef
loc1d
0.5076923
kind
-33
    2005 	0
1
 OBS	 164
21.01273
163		165		-1
obdef
loc1d
0.5230769
kind
-34
    2005 	0
1
 OBS	 165
17.272
164		166		-1
obdef
loc1d
0.5384615
kind
-35
    2005 	0
1
 OBS	 166
0
165		167		-1
obdef
loc1d
0.5538462
kind
-36
    2005 	0
1
 OBS	 167
0
166		168		-1
obdef
loc1d
0.5692308
kind
-37
    2005 	0
1
 OBS	 168
9.906
167		169		-1
obdef
loc1d
0.5846154
kind
-38
    2005 	0
1
 OBS	 169
21.463
168		170		-1
obdef
loc1d
0.6
kind
-39
    2005 	0
1
 OBS	 170
16.10078
169		171		-1
obdef
loc1d
0.6153846
kind
-40
    2005 	0
1
 OBS	 171
23.81794
170		172		-1
obdef
loc1d
0.6307692
kind
-41
    2005 	0
1
 OBS	 172
18.44675
171		173		-1
obdef
loc1d
0.6461538
kind
-42
    2005 	0
1
 OBS	 173
26.33579
172		174		-1
obdef
loc1d
0.6615385
kind
-43
    2005 	0
1
 OBS	 174
22.352
173		175		-1
obdef
loc1d
0.6769231
kind
-44
    2005 	0
1
 OBS	 175
23.88937
174		176		-1
obdef
loc1d
0.6923077
kind
-45
    2005 	0
1
 OBS	 176
26.74056
175		177		-1
obdef
loc1d
0.7076923
kind
-46
    2005 	0
1
 OBS	 177
0
176		178		-1
obdef
loc1d
0.7230769
kind
-47
    2005 	0
1
 OBS	 178
18.3388
177		179		-1
obdef
loc1d
0.7384615
kind
-48
    2005 	0
1
 OBS	 179
0
178		180		-1
obdef
loc1d
0.7538462
kind
-49
    2005 	0
1
 OBS	 180
0
179		181		-1
obdef
loc1d
0.7692308
kind
-50
    2005 	0
1
 OBS	 181
16.256
180		182		-1
obdef
loc1d
0.7846154
kind
-51
    2005 	0
1
 OBS	 182
42.418
181		183		-1
obdef
loc1d
0.8
kind
-52
    2005 	0
1
 OBS	 183
15.0495
182		184		-1
obdef
loc1d
0.8153846
kind
-53
    2005 	0
1
 OBS	 184
17.30829
183		185		-1
obdef
loc1d
0.8307692
kind
-54
    2005 	0
1
 OBS	 185
21.5265
184		186		-1
obdef
loc1d
0.8461538
kind
-55
    2005 	0
1
 OBS	 186
12.8905
185		187		-1
obdef
loc1d
0.8615385
kind
-56
    2005 	0
1
 OBS	 187
20.86429
186		188		-1
obdef
loc1d
0.8769231
kind
-57
    2005 	0
1
 OBS	 188
15.40933
187		189		-1
obdef
loc1d
0.8923077
kind
-58
    2005 	0
1
 OBS	 189
18.62667
188		190		-1
obdef
loc1d
0.9076923
kind
-59
    2005 	0
1
 OBS	 190
22.606
189		191		-1
obdef
loc1d
0.9230769
kind
-60
    2005 	0
1
 OBS	 191
13.67367
190		192		-1
obdef
loc1d
0.9384615
kind
-61
    2005 	0
1
 OBS	 192
0
191		193		-1
obdef
loc1d
0.9538462
kind
-62
    2005 	0
1
 OBS	 193
0
192		194		-1
obdef
loc1d
0.9692308
kind
-63
    2005 	0
1
 OBS	 194
18.99356
193		195		-1
obdef
loc1d
0.9846154
kind
-64
    2005 	0
1
 OBS	 195
16.256
194		196		-1
obdef
loc1d
1
kind
-65
    2005 	0
1
 OBS	 196
40
195		197		-1
obdef
loc1d
0.01538462
kind
-66
    2005 	0
1
 OBS	 197
16
196		198		-1
obdef
loc1d
0.03076923
kind
-67
    2005 	0
1
 OBS	 198
58
197		199		-1
obdef
loc1d
0.04615385
kind
-68
    2005 	0
1
 OBS	 199
7
198		200		-1
obdef
loc1d
0.06153846
kind
-69
    2005 	0
1
 OBS	 200
4
199		201		-1
obdef
loc1d
0.07692308
kind
-70
    2005 	0
1
 OBS	 201
18
200		202		-1
obdef
loc1d
0.09230769
kind
-71
    2005 	0
1
 OBS	 202
0
201		203		-1
obdef
loc1d
0.1076923
kind
-72
    2005 	0
1
 OBS	 203
58
202		204		-1
obdef
loc1d
0.1230769
kind
-73
    2005 	0
1
 OBS	 204
13
203		205		-1
obdef
loc1d
0.1384615
kind
-74
    2005 	0
1
 OBS	 205
10
204		206		-1
obdef
loc1d
0.1538462
kind
-75
    2005 	0
1
 OBS	 206
0
205		207		-1
obdef
loc1d
0.1692308
kind
-76
    2005 	0
1
 OBS	 207
1
206		208		-1
obdef
loc1d
0.1846154
kind
-77
    2005 	0
1
 OBS	 208
6
207		209		-1
obdef
loc1d
0.2
kind
-78
    2005 	0
1
 OBS	 209
0
208		210		-1
obdef
loc1d
0.2153846
kind
-79
    2005 	0
1
 OBS	 210
1
209		211		-1
obdef
loc1d
0.2307692
kind
-80
    2005 	0
1
 OBS	 211
0
210		212		-1
obdef
loc1d
0.2461538
kind
-81
    2005 	0
1
 OBS	 212
1
211		213		-1
obdef
loc1d
0.2615385
kind
-82
    2005 	0
1
 OBS	 213
0
212		214		-1
obdef
loc1d
0.2769231
kind
-83
    2005 	0
1
 OBS	 214
1
213		215		-1
obdef
loc1d
0.2923077
kind
-84
    2005 	0
1
 OBS	 215
2
214		216		-1
obdef
loc1d
0.3076923
kind
-85
    2005 	0
1
 OBS	 216
4
215		217		-1
obdef
loc1d
0.3230769
kind
-86
    2005 	0
1
 OBS	 217
0
216		218		-1
obdef
loc1d
0.3384615
kind
-87
    2005 	0
1
 OBS	 218
0
217		219		-1
obdef
loc1d
0.3538462
kind
-88
    2005 	0
1
 OBS	 219
0
218		220		-1
obdef
loc1d
0.3692308
kind
-89
    2005 	0
1
 OBS	 220
1
219		221		-1
obdef
loc1d
0.3846154
kind
-90
    2005 	0
1
 OBS	 221
0
220		222		-1
obdef
loc1d
0.4
kind
-91
    2005 	0
1
 OBS	 222
3
221		223		-1
obdef
loc1d
0.4153846
kind
-92
    2005 	0
1
 OBS	 223
10
222		224		-1
obdef
loc1d
0.4307692
kind
-93
    2005 	0
1
 OBS	 224
4
223		225		-1
obdef
loc1d
0.4461538
kind
-94
    2005 	0
1
 OBS	 225
6
224		226		-1
obdef
loc1d
0.4615385
kind
-95
    2005 	0
1
 OBS	 226
1
225		227		-1
obdef
loc1d
0.4769231
kind
-96
    2005 	0
1
 OBS	 227
3
226		228		-1
obdef
loc1d
0.4923077
kind
-97
    2005 	0
1
 OBS	 228
2
227		229		-1
obdef
loc1d
0.5076923
kind
-98
    2005 	0
1
 OBS	 229
11
228		230		-1
obdef
loc1d
0.5230769
kind
-99
    2005 	0
1
 OBS	 230
4
229		231		-1
obdef
loc1d
0.5384615
kind
-100
    2005 	0
1
 OBS	 231
0
230		232		-1
obdef
loc1d
0.5538462
kind
-101
    2005 	0
1
 OBS	 232
0
231		233		-1
obdef
loc1d
0.5692308
kind
-102
    2005 	0
1
 OBS	 233
1
232		234		-1
obdef
loc1d
0.5846154
kind
-103
    2005 	0
1
 OBS	 234
2
233		235		-1
obdef
loc1d
0.6
kind
-104
    2005 	0
1
 OBS	 235
18
234		236		-1
obdef
loc1d
0.6153846
kind
-105
    2005 	0
1
 OBS	 236
35
235		237		-1
obdef
loc1d
0.6307692
kind
-106
    2005 	0
1
 OBS	 237
8
236		238		-1
obdef
loc1d
0.6461538
kind
-107
    2005 	0
1
 OBS	 238
19
237		239		-1
obdef
loc1d
0.6615385
kind
-108
    2005 	0
1
 OBS	 239
1
238		240		-1
obdef
loc1d
0.6769231
kind
-109
    2005 	0
1
 OBS	 240
19
239		241		-1
obdef
loc1d
0.6923077
kind
-110
    2005 	0
1
 OBS	 241
18
240		242		-1
obdef
loc1d
0.7076923
kind
-111
    2005 	0
1
 OBS	 242
0
241		243		-1
obdef
loc1d
0.7230769
kind
-112
    2005 	0
1
 OBS	 243
10
242		244		-1
obdef
loc1d
0.7384615
kind
-113
    2005 	0
1
 OBS	 244
0
243		245		-1
obdef
loc1d
0.7538462
kind
-114
    2005 	0
1
 OBS	 245
0
244		246		-1
obdef
loc1d
0.7692308
kind
-115
    2005 	0
1
 OBS	 246
7
245		247		-1
obdef
loc1d
0.7846154
kind
-116
    2005 	0
1
 OBS	 247
4
246		248		-1
obdef
loc1d
0.8
kind
-117
    2005 	0
1
 OBS	 248
8
247		249		-1
obdef
loc1d
0.8153846
kind
-118
    2005 	0
1
 OBS	 249
14
248		250		-1
obdef
loc1d
0.8307692
kind
-119
    2005 	0
1
 OBS	 250
4
249		251		-1
obdef
loc1d
0.8461538
kind
-120
    2005 	0
1
 OBS	 251
4
250		252		-1
obdef
loc1d
0.8615385
kind
-121
    2005 	0
1
 OBS	 252
7
251		253		-1
obdef
loc1d
0.8769231
kind
-122
    2005 	0
1
 OBS	 253
9
252		254		-1
obdef
loc1d
0.8923077
kind
-123
    2005 	0
1
 OBS	 254
6
253		255		-1
obdef
loc1d
0.9076923
kind
-124
    2005 	0
1
 OBS	 255
1
254		256		-1
obdef
loc1d
0.9230769
kind
-125
    2005 	0
1
 OBS	 256
6
255		257		-1
obdef
loc1d
0.9384615
kind
-126
    2005 	0
1
 OBS	 257
0
256		258		-1
obdef
loc1d
0.9538462
kind
-127
    2005 	0
1
 OBS	 258
0
257		259		-1
obdef
loc1d
0.9692308
kind
-128
    2005 	0
1
 OBS	 259
9
258		260		-1
obdef
loc1d
0.9846154
kind
-129
    2005 	0
1
 OBS	 260
1
259		261		-1
obdef
loc1d
1
kind
-130
    2005 	0
1
 OBS	 261
21.97705
260		262		-1
obdef
loc1d
0.01538462
kind
-1
    2010 	0
1
 OBS	 262
21.48305
261		263		-1
obdef
loc1d
0.03076923
kind
-2
    2010 	0
1
 OBS	 263
0
262		264		-1
obdef
loc1d
0.04615385
kind
-3
    2010 	0
1
 OBS	 264
9.1694
263		265		-1
obdef
loc1d
0.06153846
kind
-4
    2010 	0
1
 OBS	 265
21.844
264		266		-1
obdef
loc1d
0.07692308
kind
-5
    2010 	0
1
 OBS	 266
27.0002
265		267		-1
obdef
loc1d
0.09230769
kind
-6
    2010 	0
1
 OBS	 267
0
266		268		-1
obdef
loc1d
0.1076923
kind
-7
    2010 	0
1
 OBS	 268
32.4358
267		269		-1
obdef
loc1d
0.1230769
kind
-8
    2010 	0
1
 OBS	 269
15.66985
268		270		-1
obdef
loc1d
0.1384615
kind
-9
    2010 	0
1
 OBS	 270
37.9222
269		271		-1
obdef
loc1d
0.1538462
kind
-10
    2010 	0
1
 OBS	 271
0
270		272		-1
obdef
loc1d
0.1692308
kind
-11
    2010 	0
1
 OBS	 272
11.303
271		273		-1
obdef
loc1d
0.1846154
kind
-12
    2010 	0
1
 OBS	 273
24.08767
272		274		-1
obdef
loc1d
0.2
kind
-13
    2010 	0
1
 OBS	 274
0
273		275		-1
obdef
loc1d
0.2153846
kind
-14
    2010 	0
1
 OBS	 275
13.97
274		276		-1
obdef
loc1d
0.2307692
kind
-15
    2010 	0
1
 OBS	 276
0
275		277		-1
obdef
loc1d
0.2461538
kind
-16
    2010 	0
1
 OBS	 277
17.018
276		278		-1
obdef
loc1d
0.2615385
kind
-17
    2010 	0
1
 OBS	 278
0
277		279		-1
obdef
loc1d
0.2769231
kind
-18
    2010 	0
1
 OBS	 279
25.4
278		280		-1
obdef
loc1d
0.2923077
kind
-19
    2010 	0
1
 OBS	 280
27.813
279		281		-1
obdef
loc1d
0.3076923
kind
-20
    2010 	0
1
 OBS	 281
15.494
280		282		-1
obdef
loc1d
0.3230769
kind
-21
    2010 	0
1
 OBS	 282
0
281		283		-1
obdef
loc1d
0.3384615
kind
-22
    2010 	0
1
 OBS	 283
0
282		284		-1
obdef
loc1d
0.3538462
kind
-23
    2010 	0
1
 OBS	 284
0
283		285		-1
obdef
loc1d
0.3692308
kind
-24
    2010 	0
1
 OBS	 285
20.066
284		286		-1
obdef
loc1d
0.3846154
kind
-25
    2010 	0
1
 OBS	 286
0
285		287		-1
obdef
loc1d
0.4
kind
-26
    2010 	0
1
 OBS	 287
16.7005
286		288		-1
obdef
loc1d
0.4153846
kind
-27
    2010 	0
1
 OBS	 288
11.45822
287		289		-1
obdef
loc1d
0.4307692
kind
-28
    2010 	0
1
 OBS	 289
0
288		290		-1
obdef
loc1d
0.4461538
kind
-29
    2010 	0
1
 OBS	 290
15.24
289		291		-1
obdef
loc1d
0.4615385
kind
-30
    2010 	0
1
 OBS	 291
0
290		292		-1
obdef
loc1d
0.4769231
kind
-31
    2010 	0
1
 OBS	 292
16.764
291		293		-1
obdef
loc1d
0.4923077
kind
-32
    2010 	0
1
 OBS	 293
23.114
292		294		-1
obdef
loc1d
0.5076923
kind
-33
    2010 	0
1
 OBS	 294
23.0632
293		295		-1
obdef
loc1d
0.5230769
kind
-34
    2010 	0
1
 OBS	 295
17.272
294		296		-1
obdef
loc1d
0.5384615
kind
-35
    2010 	0
1
 OBS	 296
6.096
295		297		-1
obdef
loc1d
0.5538462
kind
-36
    2010 	0
1
 OBS	 297
0
296		298		-1
obdef
loc1d
0.5692308
kind
-37
    2010 	0
1
 OBS	 298
11.176
297		299		-1
obdef
loc1d
0.5846154
kind
-38
    2010 	0
1
 OBS	 299
21.463
298		300		-1
obdef
loc1d
0.6
kind
-39
    2010 	0
1
 OBS	 300
17.4244
299		301		-1
obdef
loc1d
0.6153846
kind
-40
    2010 	0
1
 OBS	 301
19.18677
300		302		-1
obdef
loc1d
0.6307692
kind
-41
    2010 	0
1
 OBS	 302
0
301		303		-1
obdef
loc1d
0.6461538
kind
-42
    2010 	0
1
 OBS	 303
26.1112
302		304		-1
obdef
loc1d
0.6615385
kind
-43
    2010 	0
1
 OBS	 304
23.876
303		305		-1
obdef
loc1d
0.6769231
kind
-44
    2010 	0
1
 OBS	 305
25.92211
304		306		-1
obdef
loc1d
0.6923077
kind
-45
    2010 	0
1
 OBS	 306
26.74056
305		307		-1
obdef
loc1d
0.7076923
kind
-46
    2010 	0
1
 OBS	 307
0
306		308		-1
obdef
loc1d
0.7230769
kind
-47
    2010 	0
1
 OBS	 308
18.3388
307		309		-1
obdef
loc1d
0.7384615
kind
-48
    2010 	0
1
 OBS	 309
5.588
308		310		-1
obdef
loc1d
0.7538462
kind
-49
    2010 	0
1
 OBS	 310
0
309		311		-1
obdef
loc1d
0.7692308
kind
-50
    2010 	0
1
 OBS	 311
16.37145
310		312		-1
obdef
loc1d
0.7846154
kind
-51
    2010 	0
1
 OBS	 312
42.418
311		313		-1
obdef
loc1d
0.8
kind
-52
    2010 	0
1
 OBS	 313
24.1808
312		314		-1
obdef
loc1d
0.8153846
kind
-53
    2010 	0
1
 OBS	 314
12.7
313		315		-1
obdef
loc1d
0.8307692
kind
-54
    2010 	0
1
 OBS	 315
0
314		316		-1
obdef
loc1d
0.8461538
kind
-55
    2010 	0
1
 OBS	 316
11.049
315		317		-1
obdef
loc1d
0.8615385
kind
-56
    2010 	0
1
 OBS	 317
23.5712
316		318		-1
obdef
loc1d
0.8769231
kind
-57
    2010 	0
1
 OBS	 318
15.63914
317		319		-1
obdef
loc1d
0.8923077
kind
-58
    2010 	0
1
 OBS	 319
18.62667
318		320		-1
obdef
loc1d
0.9076923
kind
-59
    2010 	0
1
 OBS	 320
0
319		321		-1
obdef
loc1d
0.9230769
kind
-60
    2010 	0
1
 OBS	 321
13.67367
320		322		-1
obdef
loc1d
0.9384615
kind
-61
    2010 	0
1
 OBS	 322
0
321		323		-1
obdef
loc1d
0.9538462
kind
-62
    2010 	0
1
 OBS	 323
0
322		324		-1
obdef
loc1d
0.9692308
kind
-63
    2010 	0
1
 OBS	 324
20.60222
323		325		-1
obdef
loc1d
0.9846154
kind
-64
    2010 	0
1
 OBS	 325
16.256
324		326		-1
obdef
loc1d
1
kind
-65
    2010 	0
1
 OBS	 326
42
325		327		-1
obdef
loc1d
0.01538462
kind
-66
    2010 	0
1
 OBS	 327
19
326		328		-1
obdef
loc1d
0.03076923
kind
-67
    2010 	0
1
 OBS	 328
0
327		329		-1
obdef
loc1d
0.04615385
kind
-68
    2010 	0
1
 OBS	 329
10
328		330		-1
obdef
loc1d
0.06153846
kind
-69
    2010 	0
1
 OBS	 330
1
329		331		-1
obdef
loc1d
0.07692308
kind
-70
    2010 	0
1
 OBS	 331
20
330		332		-1
obdef
loc1d
0.09230769
kind
-71
    2010 	0
1
 OBS	 332
0
331		333		-1
obdef
loc1d
0.1076923
kind
-72
    2010 	0
1
 OBS	 333
10
332		334		-1
obdef
loc1d
0.1230769
kind
-73
    2010 	0
1
 OBS	 334
13
333		335		-1
obdef
loc1d
0.1384615
kind
-74
    2010 	0
1
 OBS	 335
10
334		336		-1
obdef
loc1d
0.1538462
kind
-75
    2010 	0
1
 OBS	 336
0
335		337		-1
obdef
loc1d
0.1692308
kind
-76
    2010 	0
1
 OBS	 337
4
336		338		-1
obdef
loc1d
0.1846154
kind
-77
    2010 	0
1
 OBS	 338
6
337		339		-1
obdef
loc1d
0.2
kind
-78
    2010 	0
1
 OBS	 339
0
338		340		-1
obdef
loc1d
0.2153846
kind
-79
    2010 	0
1
 OBS	 340
3
339		341		-1
obdef
loc1d
0.2307692
kind
-80
    2010 	0
1
 OBS	 341
0
340		342		-1
obdef
loc1d
0.2461538
kind
-81
    2010 	0
1
 OBS	 342
1
341		343		-1
obdef
loc1d
0.2615385
kind
-82
    2010 	0
1
 OBS	 343
0
342		344		-1
obdef
loc1d
0.2769231
kind
-83
    2010 	0
1
 OBS	 344
1
343		345		-1
obdef
loc1d
0.2923077
kind
-84
    2010 	0
1
 OBS	 345
2
344		346		-1
obdef
loc1d
0.3076923
kind
-85
    2010 	0
1
 OBS	 346
4
345		347		-1
obdef
loc1d
0.3230769
kind
-86
    2010 	0
1
 OBS	 347
0
346		348		-1
obdef
loc1d
0.3384615
kind
-87
    2010 	0
1
 OBS	 348
0
347		349		-1
obdef
loc1d
0.3538462
kind
-88
    2010 	0
1
 OBS	 349
0
348		350		-1
obdef
loc1d
0.3692308
kind
-89
    2010 	0
1
 OBS	 350
1
349		351		-1
obdef
loc1d
0.3846154
kind
-90
    2010 	0
1
 OBS	 351
0
350		352		-1
obdef
loc1d
0.4
kind
-91
    2010 	0
1
 OBS	 352
4
351		353		-1
obdef
loc1d
0.4153846
kind
-92
    2010 	0
1
 OBS	 353
9
352		354		-1
obdef
loc1d
0.4307692
kind
-93
    2010 	0
1
 OBS	 354
0
353		355		-1
obdef
loc1d
0.4461538
kind
-94
    2010 	0
1
 OBS	 355
2
354		356		-1
obdef
loc1d
0.4615385
kind
-95
    2010 	0
1
 OBS	 356
0
355		357		-1
obdef
loc1d
0.4769231
kind
-96
    2010 	0
1
 OBS	 357
6
356		358		-1
obdef
loc1d
0.4923077
kind
-97
    2010 	0
1
 OBS	 358
2
357		359		-1
obdef
loc1d
0.5076923
kind
-98
    2010 	0
1
 OBS	 359
10
358		360		-1
obdef
loc1d
0.5230769
kind
-99
    2010 	0
1
 OBS	 360
4
359		361		-1
obdef
loc1d
0.5384615
kind
-100
    2010 	0
1
 OBS	 361
2
360		362		-1
obdef
loc1d
0.5538462
kind
-101
    2010 	0
1
 OBS	 362
0
361		363		-1
obdef
loc1d
0.5692308
kind
-102
    2010 	0
1
 OBS	 363
1
362		364		-1
obdef
loc1d
0.5846154
kind
-103
    2010 	0
1
 OBS	 364
2
363		365		-1
obdef
loc1d
0.6
kind
-104
    2010 	0
1
 OBS	 365
5
364		366		-1
obdef
loc1d
0.6153846
kind
-105
    2010 	0
1
 OBS	 366
13
365		367		-1
obdef
loc1d
0.6307692
kind
-106
    2010 	0
1
 OBS	 367
0
366		368		-1
obdef
loc1d
0.6461538
kind
-107
    2010 	0
1
 OBS	 368
15
367		369		-1
obdef
loc1d
0.6615385
kind
-108
    2010 	0
1
 OBS	 369
1
368		370		-1
obdef
loc1d
0.6769231
kind
-109
    2010 	0
1
 OBS	 370
18
369		371		-1
obdef
loc1d
0.6923077
kind
-110
    2010 	0
1
 OBS	 371
18
370		372		-1
obdef
loc1d
0.7076923
kind
-111
    2010 	0
1
 OBS	 372
0
371		373		-1
obdef
loc1d
0.7230769
kind
-112
    2010 	0
1
 OBS	 373
10
372		374		-1
obdef
loc1d
0.7384615
kind
-113
    2010 	0
1
 OBS	 374
1
373		375		-1
obdef
loc1d
0.7538462
kind
-114
    2010 	0
1
 OBS	 375
0
374		376		-1
obdef
loc1d
0.7692308
kind
-115
    2010 	0
1
 OBS	 376
11
375		377		-1
obdef
loc1d
0.7846154
kind
-116
    2010 	0
1
 OBS	 377
4
376		378		-1
obdef
loc1d
0.8
kind
-117
    2010 	0
1
 OBS	 378
5
377		379		-1
obdef
loc1d
0.8153846
kind
-118
    2010 	0
1
 OBS	 379
11
378		380		-1
obdef
loc1d
0.8307692
kind
-119
    2010 	0
1
 OBS	 380
0
379		381		-1
obdef
loc1d
0.8461538
kind
-120
    2010 	0
1
 OBS	 381
2
380		382		-1
obdef
loc1d
0.8615385
kind
-121
    2010 	0
1
 OBS	 382
5
381		383		-1
obdef
loc1d
0.8769231
kind
-122
    2010 	0
1
 OBS	 383
14
382		384		-1
obdef
loc1d
0.8923077
kind
-123
    2010 	0
1
 OBS	 384
6
383		385		-1
obdef
loc1d
0.9076923
kind
-124
    2010 	0
1
 OBS	 385
0
384		386		-1
obdef
loc1d
0.9230769
kind
-125
    2010 	0
1
 OBS	 386
6
385		387		-1
obdef
loc1d
0.9384615
kind
-126
    2010 	0
1
 OBS	 387
0
386		388		-1
obdef
loc1d
0.9538462
kind
-127
    2010 	0
1
 OBS	 388
0
387		389		-1
obdef
loc1d
0.9692308
kind
-128
    2010 	0
1
 OBS	 389
9
388		390		-1
obdef
loc1d
0.9846154
kind
-129
    2010 	0
1
 OBS	 390
1
389		-1		-1
obdef
loc1d
1
kind
-130
    2010 	0
1
