+--- Parallel info: -------------------------------------+
+  - Machnum  =      0
+  - Machsize =      1
+--------------------------------------------------------+
Reading namelist information
Copying namelist
+------------------------------------------------------------+
|           Ecosystem Demography Model, version 2.2           
+------------------------------------------------------------+
|  Input namelist filename is ED2IN
|
|  Single process execution on HISTORY run.
+------------------------------------------------------------+
  => Generating the land/sea mask.
/projectnb/cheas/EDI/oge2OLD/OGE2_HEADER
 -> Getting file: /projectnb/cheas/EDI/oge2OLD/OGE2_30N120W.h5...
 -> Getting file: /projectnb/cheas/EDI/oge2OLD/OGE2_30N090W.h5...
-------------------------------------------------------------
    === Reading past work from history (restart) file ===    
-------------------------------------------------------------
-------------------------------------------------------------
 
 + Work allocation, node     1;
 + Polygon array allocation, node     1;
 + Memory successfully allocated on none     1;
 [+] Load_Ed_Ecosystem_Params...
----------------------------------------
  Treefall disturbance parameters:
  - LAMBDA_REF  =  0.00000E+00
  - LAMBDA_EFF  =  0.00000E+00
  - TIME2CANOPY =  3.40282E+38
----------------------------------------
 [+] Checking for XML config...
*********************************************
**               WARNING!                  **
**                                         **
**    XML file wasn't found. Using default **
** parameters in ED.                       **
** (You provided config.xml).
**                                         **
*********************************************
 [+] Alloc_Soilgrid...
 [+] Set_Polygon_Coordinates...
 [+] Sfcdata_ED...
 [+] Init_Full_History_Restart...
-----------------------------------------------------
  Loading Full State (HISTORY)
 File_ID =      16777216
 Dset_ID =      83886080
----------------------------------------------------------
   WARNING! WARNING! WARNING! WARNING! WARNING! WARNING!  
                                                          
 + Variable WALLTIME_PY not found in your history.
 + Initializing this variable with zero. 
 + his may cause some of your diagnostic output related
   to this variable to be incorrect the current period.

   This variable has been specified as:
   NOT ABSOUTELY NECESSARY TO RESTART THE PROGNOSTIC STATE
----------------------------------------------------------

 File_ID =      16777216
 Dset_ID =      83886080
----------------------------------------------------------
   WARNING! WARNING! WARNING! WARNING! WARNING! WARNING!  
                                                          
 + Variable MMSQU_NEP not found in your history.
 + Initializing this variable with zero. 
 + his may cause some of your diagnostic output related
   to this variable to be incorrect the current period.

   This variable has been specified as:
   NOT ABSOUTELY NECESSARY TO RESTART THE PROGNOSTIC STATE
----------------------------------------------------------

 File_ID =      16777216
 Dset_ID =      83886080
----------------------------------------------------------
   WARNING! WARNING! WARNING! WARNING! WARNING! WARNING!  
                                                          
 + Variable TODAY_GPP_MAX not found in your history.
 + Initializing this variable with zero. 
 + his may cause some of your diagnostic output related
   to this variable to be incorrect the current period.

   This variable has been specified as:
   NOT ABSOUTELY NECESSARY TO RESTART THE PROGNOSTIC STATE
----------------------------------------------------------

 File_ID =      16777216
 Dset_ID =      83886080
----------------------------------------------------------
   WARNING! WARNING! WARNING! WARNING! WARNING! WARNING!  
                                                          
 + Variable CB_MAX not found in your history.
 + Initializing this variable with zero. 
 + his may cause some of your diagnostic output related
   to this variable to be incorrect the current period.

   This variable has been specified as:
   NOT ABSOUTELY NECESSARY TO RESTART THE PROGNOSTIC STATE
----------------------------------------------------------

 Checking anthropogenic disturbance.  Node: 01
 Checking prescribed phenology.  Node: 01
 [+] Init_Met_Drivers...
 [+] Read_Met_Drivers_Init...
------------------------------
 - METCYC1 =         2005
 - METCYCF =         2005
 - NYEARS  =            4
------------------------------
        IYEAR     YEAR_USE
            1         2005
            2         2005
            3         2005
            4         2005
------------------------------
 
 [+] Update_met_drivers...
 [+] Ed_Init_Atm...
 [+] initHydrology...
initHydrology | mynum=         1 ngrids=         1 mpolys=         1 msites=         1
Allocated | mynum=         1 ngrids=         1 mpolys=         1 msites=         1
Updated | mynum=         1 ngrids=         1 mpolys=         1 msites=         1
Deallocated | mynum=         1 ngrids=         1 mpolys=         1 msites=         1
 [+] Filltab_Alltypes...
--- Re-hashing the IO pointer tables and mapping arrays
--- Mapping Completed
 [+] Finding frqsum...

 === Finish initialization; CPU(sec)=1.63; Wall(sec)=0.07; Time integration starts (ed_master) ===

 === Time integration starts (model) ===
 - Simulating:   01/01/2005 00:00:00 UTC
 - Simulating:   01/02/2005 00:00:00 UTC
 - Simulating:   01/03/2005 00:00:00 UTC
 - Simulating:   01/04/2005 00:00:00 UTC
 - Simulating:   01/05/2005 00:00:00 UTC
 - Simulating:   01/06/2005 00:00:00 UTC
 - Simulating:   01/07/2005 00:00:00 UTC
 - Simulating:   01/08/2005 00:00:00 UTC
 === Time integration ends; Total elapsed time=       16.6  ===
 ------ ED execution ends ------
+--- Parallel info: -------------------------------------+
+  - Machnum  =      0
+  - Machsize =      1
+--------------------------------------------------------+
Reading namelist information
Copying namelist
+------------------------------------------------------------+
|           Ecosystem Demography Model, version 2.2           
+------------------------------------------------------------+
|  Input namelist filename is ED2IN
|
|  Single process execution on HISTORY run.
+------------------------------------------------------------+
  => Generating the land/sea mask.
/projectnb/cheas/EDI/oge2OLD/OGE2_HEADER
 -> Getting file: /projectnb/cheas/EDI/oge2OLD/OGE2_30N120W.h5...
 -> Getting file: /projectnb/cheas/EDI/oge2OLD/OGE2_30N090W.h5...
-------------------------------------------------------------
    === Reading past work from history (restart) file ===    
-------------------------------------------------------------
-------------------------------------------------------------
 
 + Work allocation, node     1;
 + Polygon array allocation, node     1;
 + Memory successfully allocated on none     1;
 [+] Load_Ed_Ecosystem_Params...
----------------------------------------
  Treefall disturbance parameters:
  - LAMBDA_REF  =  0.00000E+00
  - LAMBDA_EFF  =  0.00000E+00
  - TIME2CANOPY =  3.40282E+38
----------------------------------------
 [+] Checking for XML config...
*********************************************
**               WARNING!                  **
**                                         **
**    XML file wasn't found. Using default **
** parameters in ED.                       **
** (You provided config.xml).
**                                         **
*********************************************
 [+] Alloc_Soilgrid...
 [+] Set_Polygon_Coordinates...
 [+] Sfcdata_ED...
 [+] Init_Full_History_Restart...
-----------------------------------------------------
  Loading Full State (HISTORY)
 File_ID =      16777216
 Dset_ID =      83886080
----------------------------------------------------------
   WARNING! WARNING! WARNING! WARNING! WARNING! WARNING!  
                                                          
 + Variable WALLTIME_PY not found in your history.
 + Initializing this variable with zero. 
 + his may cause some of your diagnostic output related
   to this variable to be incorrect the current period.

   This variable has been specified as:
   NOT ABSOUTELY NECESSARY TO RESTART THE PROGNOSTIC STATE
----------------------------------------------------------

 File_ID =      16777216
 Dset_ID =      83886080
----------------------------------------------------------
   WARNING! WARNING! WARNING! WARNING! WARNING! WARNING!  
                                                          
 + Variable MMSQU_NEP not found in your history.
 + Initializing this variable with zero. 
 + his may cause some of your diagnostic output related
   to this variable to be incorrect the current period.

   This variable has been specified as:
   NOT ABSOUTELY NECESSARY TO RESTART THE PROGNOSTIC STATE
----------------------------------------------------------

 File_ID =      16777216
 Dset_ID =      83886080
----------------------------------------------------------
   WARNING! WARNING! WARNING! WARNING! WARNING! WARNING!  
                                                          
 + Variable TODAY_GPP_MAX not found in your history.
 + Initializing this variable with zero. 
 + his may cause some of your diagnostic output related
   to this variable to be incorrect the current period.

   This variable has been specified as:
   NOT ABSOUTELY NECESSARY TO RESTART THE PROGNOSTIC STATE
----------------------------------------------------------

 File_ID =      16777216
 Dset_ID =      83886080
----------------------------------------------------------
   WARNING! WARNING! WARNING! WARNING! WARNING! WARNING!  
                                                          
 + Variable CB_MAX not found in your history.
 + Initializing this variable with zero. 
 + his may cause some of your diagnostic output related
   to this variable to be incorrect the current period.

   This variable has been specified as:
   NOT ABSOUTELY NECESSARY TO RESTART THE PROGNOSTIC STATE
----------------------------------------------------------

 Checking anthropogenic disturbance.  Node: 01
 Checking prescribed phenology.  Node: 01
 [+] Init_Met_Drivers...
 [+] Read_Met_Drivers_Init...
------------------------------
 - METCYC1 =         2005
 - METCYCF =         2005
 - NYEARS  =            4
------------------------------
        IYEAR     YEAR_USE
            1         2005
            2         2005
            3         2005
            4         2005
------------------------------
 
 [+] Update_met_drivers...
 [+] Ed_Init_Atm...
 [+] initHydrology...
initHydrology | mynum=         1 ngrids=         1 mpolys=         1 msites=         1
Allocated | mynum=         1 ngrids=         1 mpolys=         1 msites=         1
Updated | mynum=         1 ngrids=         1 mpolys=         1 msites=         1
Deallocated | mynum=         1 ngrids=         1 mpolys=         1 msites=         1
 [+] Filltab_Alltypes...
--- Re-hashing the IO pointer tables and mapping arrays
--- Mapping Completed
 [+] Finding frqsum...

 === Finish initialization; CPU(sec)=1.59; Wall(sec)=0.06; Time integration starts (ed_master) ===

 === Time integration starts (model) ===
 - Simulating:   01/01/2005 00:00:00 UTC
 - Simulating:   01/02/2005 00:00:00 UTC
 - Simulating:   01/03/2005 00:00:00 UTC
 - Simulating:   01/04/2005 00:00:00 UTC
 - Simulating:   01/05/2005 00:00:00 UTC
 - Simulating:   01/06/2005 00:00:00 UTC
 - Simulating:   01/07/2005 00:00:00 UTC
 - Simulating:   01/08/2005 00:00:00 UTC
 === Time integration ends; Total elapsed time=       18.7  ===
 ------ ED execution ends ------
+--- Parallel info: -------------------------------------+
+  - Machnum  =      0
+  - Machsize =      1
+--------------------------------------------------------+
Reading namelist information
Copying namelist
+------------------------------------------------------------+
|           Ecosystem Demography Model, version 2.2           
+------------------------------------------------------------+
|  Input namelist filename is ED2IN
|
|  Single process execution on HISTORY run.
+------------------------------------------------------------+
  => Generating the land/sea mask.
/projectnb/cheas/EDI/oge2OLD/OGE2_HEADER
 -> Getting file: /projectnb/cheas/EDI/oge2OLD/OGE2_30N120W.h5...
 -> Getting file: /projectnb/cheas/EDI/oge2OLD/OGE2_30N090W.h5...
-------------------------------------------------------------
    === Reading past work from history (restart) file ===    
-------------------------------------------------------------
-------------------------------------------------------------
 
 + Work allocation, node     1;
 + Polygon array allocation, node     1;
 + Memory successfully allocated on none     1;
 [+] Load_Ed_Ecosystem_Params...
----------------------------------------
  Treefall disturbance parameters:
  - LAMBDA_REF  =  0.00000E+00
  - LAMBDA_EFF  =  0.00000E+00
  - TIME2CANOPY =  3.40282E+38
----------------------------------------
 [+] Checking for XML config...
*********************************************
**               WARNING!                  **
**                                         **
**    XML file wasn't found. Using default **
** parameters in ED.                       **
** (You provided config.xml).
**                                         **
*********************************************
 [+] Alloc_Soilgrid...
 [+] Set_Polygon_Coordinates...
 [+] Sfcdata_ED...
 [+] Init_Full_History_Restart...
-----------------------------------------------------
  Loading Full State (HISTORY)
 File_ID =      16777216
 Dset_ID =      83886080
----------------------------------------------------------
   WARNING! WARNING! WARNING! WARNING! WARNING! WARNING!  
                                                          
 + Variable WALLTIME_PY not found in your history.
 + Initializing this variable with zero. 
 + his may cause some of your diagnostic output related
   to this variable to be incorrect the current period.

   This variable has been specified as:
   NOT ABSOUTELY NECESSARY TO RESTART THE PROGNOSTIC STATE
----------------------------------------------------------

 File_ID =      16777216
 Dset_ID =      83886080
----------------------------------------------------------
   WARNING! WARNING! WARNING! WARNING! WARNING! WARNING!  
                                                          
 + Variable MMSQU_NEP not found in your history.
 + Initializing this variable with zero. 
 + his may cause some of your diagnostic output related
   to this variable to be incorrect the current period.

   This variable has been specified as:
   NOT ABSOUTELY NECESSARY TO RESTART THE PROGNOSTIC STATE
----------------------------------------------------------

 File_ID =      16777216
 Dset_ID =      83886080
----------------------------------------------------------
   WARNING! WARNING! WARNING! WARNING! WARNING! WARNING!  
                                                          
 + Variable TODAY_GPP_MAX not found in your history.
 + Initializing this variable with zero. 
 + his may cause some of your diagnostic output related
   to this variable to be incorrect the current period.

   This variable has been specified as:
   NOT ABSOUTELY NECESSARY TO RESTART THE PROGNOSTIC STATE
----------------------------------------------------------

 File_ID =      16777216
 Dset_ID =      83886080
----------------------------------------------------------
   WARNING! WARNING! WARNING! WARNING! WARNING! WARNING!  
                                                          
 + Variable CB_MAX not found in your history.
 + Initializing this variable with zero. 
 + his may cause some of your diagnostic output related
   to 
 Starting program Filter
 Initializing the utilities module.
 Trying to log to unit           10
 Trying to open file dart_log.out

 --------------------------------------
 Starting ... at YYYY MM DD HH MM SS = 
                 2013  4 30 14  0 54
 Program Filter
 --------------------------------------

 set_nml_output Echo NML values to log file only
 Trying to open namelist log dart_log.nml
 initialize_mpi_utilities: Running single process
 ------------------------------------------------------


 -------------- ASSIMILATE_THESE_OBS_TYPES --------------
 LAI
 -------------- EVALUATE_THESE_OBS_TYPES --------------
 ------------------------------------------------------

 filter_read_restart: Reading in initial condition/restart data for all ensemble members from file(s)
 filter_read_restart: By namelist control, ignoring time found in restart file.
 filter_read_restart: Setting initial days, seconds to      1     0
 Prior inflation: None
 Posterior inflation: None
 init_diag_output  Prior_Diag.nc is ncFileID            5
 init_diag_output  Posterior_Diag.nc is ncFileID            6
 filter: No observation outlier threshold rejection will be done
 filter: Will reject obs with Data QC larger than    3
  
 filter: Main assimilation loop, starting iteration    0
 move_ahead Next assimilation window starts at:  day=       5 sec=     1
 move_ahead Next assimilation window ends   at:  day=      13 sec=     0
 filter: Ready to run model to advance data ahead in time
 execution returns, rc =            2
 ERROR FROM:
  routine: advance_state
  message: If advance script finishes ok it removes filter_control00000
  message: ... It still exists, so 1+ members listed in that file failed to run
  message: ... Check the output of the model or script to find the error.
  
  source file: $URL: https://proxy.subversion.ucar.edu/DAReS/DART/releases/Kodiak/obs_model/obs_model_mod.f90 $
  file revision: $Revision: 4933 $
  revision date: $Date: 2011-06-01 13:55:44 -0400 (Wed, 01 Jun 2011) $
