obs_sequence
obs_kind_definitions
		1
		1 LAI
num_copies:		 1 num_qc:	 0
num_obs:		 62 max_num_obs:	 62
observations
  first:	1	last:	 62
 OBS	 1
0.2
-1		2		-1
obdef
loc1d
0
kind
-1
   0		 101
0.66
 OBS	 2
0.01510608
1		3		-1
obdef
loc1d
0
kind
-1
   0		 101
0.95
 OBS	 3
0.8
2		4		-1
obdef
loc1d
0
kind
-1
   0		 109
0.66
 OBS	 4
0.2183947
3		5		-1
obdef
loc1d
0
kind
-1
   0		 109
0.95
 OBS	 5
0.9
4		6		-1
obdef
loc1d
0
kind
-1
   0		 117
0.66
 OBS	 6
0.3398241
5		7		-1
obdef
loc1d
0
kind
-1
   0		 117
0.95
 OBS	 7
1
6		8		-1
obdef
loc1d
0
kind
-1
   0		 125
0.66
 OBS	 8
0.1752568
7		9		-1
obdef
loc1d
0
kind
-1
   0		 125
0.95
 OBS	 9
1.2
8		10		-1
obdef
loc1d
0
kind
-1
   0		 133
0.66
 OBS	 10
0.006733206
9		11		-1
obdef
loc1d
0
kind
-1
   0		 133
0.95
 OBS	 11
1.5
10		12		-1
obdef
loc1d
0
kind
-1
   0		 141
0.66
 OBS	 12
0.1838592
11		13		-1
obdef
loc1d
0
kind
-1
   0		 141
0.95
 OBS	 13
5.6
12		14		-1
obdef
loc1d
0
kind
-1
   0		 149
0.66
 OBS	 14
0.9709262
13		15		-1
obdef
loc1d
0
kind
-1
   0		 149
0.95
 OBS	 15
6.1
14		16		-1
obdef
loc1d
0
kind
-1
   0		 157
0.66
 OBS	 16
4.45965
15		17		-1
obdef
loc1d
0
kind
-1
   0		 157
0.95
 OBS	 17
6.2
16		18		-1
obdef
loc1d
0
kind
-1
   0		 165
0.66
 OBS	 18
5.679284
17		19		-1
obdef
loc1d
0
kind
-1
   0		 165
0.95
 OBS	 19
5.9
18		20		-1
obdef
loc1d
0
kind
-1
   0		 173
0.66
 OBS	 20
5.74881
19		21		-1
obdef
loc1d
0
kind
-1
   0		 173
0.95
 OBS	 21
6
20		22		-1
obdef
loc1d
0
kind
-1
   0		 181
0.66
 OBS	 22
6.17172
21		23		-1
obdef
loc1d
0
kind
-1
   0		 181
0.95
 OBS	 23
4.4
22		24		-1
obdef
loc1d
0
kind
-1
   0		 189
0.66
 OBS	 24
6.142351
23		25		-1
obdef
loc1d
0
kind
-1
   0		 189
0.95
 OBS	 25
6.6
24		26		-1
obdef
loc1d
0
kind
-1
   0		 197
0.66
 OBS	 26
6.583656
25		27		-1
obdef
loc1d
0
kind
-1
   0		 197
0.95
 OBS	 27
6.2
26		28		-1
obdef
loc1d
0
kind
-1
   0		 205
0.66
 OBS	 28
6.391369
27		29		-1
obdef
loc1d
0
kind
-1
   0		 205
0.95
 OBS	 29
6.3
28		30		-1
obdef
loc1d
0
kind
-1
   0		 213
0.66
 OBS	 30
6.343878
29		31		-1
obdef
loc1d
0
kind
-1
   0		 213
0.95
 OBS	 31
6.4
30		32		-1
obdef
loc1d
0
kind
-1
   0		 221
0.66
 OBS	 32
6.563049
31		33		-1
obdef
loc1d
0
kind
-1
   0		 221
0.95
 OBS	 33
6.2
32		34		-1
obdef
loc1d
0
kind
-1
   0		 229
0.66
 OBS	 34
6.723291
33		35		-1
obdef
loc1d
0
kind
-1
   0		 229
0.95
 OBS	 35
5.5
34		36		-1
obdef
loc1d
0
kind
-1
   0		 237
0.66
 OBS	 36
6.420993
35		37		-1
obdef
loc1d
0
kind
-1
   0		 237
0.95
 OBS	 37
5.9
36		38		-1
obdef
loc1d
0
kind
-1
   0		 245
0.66
 OBS	 38
6.563282
37		39		-1
obdef
loc1d
0
kind
-1
   0		 245
0.95
 OBS	 39
5.6
38		40		-1
obdef
loc1d
0
kind
-1
   0		 253
0.66
 OBS	 40
6.561832
39		41		-1
obdef
loc1d
0
kind
-1
   0		 253
0.95
 OBS	 41
4.4
40		42		-1
obdef
loc1d
0
kind
-1
   0		 261
0.66
 OBS	 42
6.306882
41		43		-1
obdef
loc1d
0
kind
-1
   0		 261
0.95
 OBS	 43
4.9
42		44		-1
obdef
loc1d
0
kind
-1
   0		 269
0.66
 OBS	 44
6.612261
43		45		-1
obdef
loc1d
0
kind
-1
   0		 269
0.95
 OBS	 45
2.7
44		46		-1
obdef
loc1d
0
kind
-1
   0		 277
0.66
 OBS	 46
4.724476
45		47		-1
obdef
loc1d
0
kind
-1
   0		 277
0.95
 OBS	 47
1.488617
46		48		-1
obdef
loc1d
0
kind
-1
   0		 285
0.95
 OBS	 48
2.2
47		49		-1
obdef
loc1d
0
kind
-1
   0		 293
0.66
 OBS	 49
1.267569
48		50		-1
obdef
loc1d
0
kind
-1
   0		 293
0.95
 OBS	 50
1.5
49		51		-1
obdef
loc1d
0
kind
-1
   0		 301
0.66
 OBS	 51
0.4667716
50		52		-1
obdef
loc1d
0
kind
-1
   0		 301
0.95
 OBS	 52
1.8
51		53		-1
obdef
loc1d
0
kind
-1
   0		 309
0.66
 OBS	 53
0.3693165
52		54		-1
obdef
loc1d
0
kind
-1
   0		 309
0.95
 OBS	 54
1.7
53		55		-1
obdef
loc1d
0
kind
-1
   0		 325
0.66
 OBS	 55
0.2641251
54		56		-1
obdef
loc1d
0
kind
-1
   0		 325
0.95
 OBS	 56
1.4
55		57		-1
obdef
loc1d
0
kind
-1
   0		 333
0.66
 OBS	 57
0.3382575
56		58		-1
obdef
loc1d
0
kind
-1
   0		 333
0.95
 OBS	 58
0.2
57		59		-1
obdef
loc1d
0
kind
-1
   0		 341
0.66
 OBS	 59
0.7426034
58		60		-1
obdef
loc1d
0
kind
-1
   0		 341
0.95
 OBS	 60
0.3935573
59		61		-1
obdef
loc1d
0
kind
-1
   0		 349
0.95
 OBS	 61
0.1811208
60		62		-1
obdef
loc1d
0
kind
-1
   0		 357
0.95
 OBS	 62
0.2
61		-1		-1
obdef
loc1d
0
kind
-1
   0		 365
0.66
